2019-03-25 22:50:13.795 -03:00 [INF] Windows form application has Started
2019-03-25 22:50:14.180 -03:00 [INF] Windows form Loaded Successfully.
2019-03-25 22:50:14.182 -03:00 [INF] No Formatting errors for record number : 0
2019-03-25 22:50:16.101 -03:00 [INF] No Formatting errors for record number : 1
2019-03-25 22:50:17.238 -03:00 [INF] Unsupported Postal Code for record number : 2
2019-03-25 22:50:18.037 -03:00 [INF] Unsupported Email Format for record number : 3
2019-03-25 22:50:18.518 -03:00 [INF] Unsupported Postal Code for record number : 4
2019-03-25 22:50:19.085 -03:00 [INF] Unsupported Postal Code for record number : 4
2019-03-25 22:50:19.746 -03:00 [INF] Unsupported Postal Code for record number : 4
2019-03-25 22:51:00.539 -03:00 [INF] Unsupported Email Format for record number : 3
2019-03-25 22:51:01.365 -03:00 [INF] Unsupported Postal Code for record number : 2
2019-03-25 22:51:03.090 -03:00 [INF] No Formatting errors for record number : 1
2019-03-25 22:51:03.881 -03:00 [INF] No Formatting errors for record number : 0
2019-03-25 22:55:27.983 -03:00 [INF] Windows form application has Started
2019-03-25 22:55:28.285 -03:00 [INF] Windows form Loaded Successfully.
2019-03-25 22:55:28.285 -03:00 [INF] No Formatting errors for record number : 0
2019-03-25 22:55:29.837 -03:00 [INF] No Formatting errors for record number : 1
2019-03-25 22:55:30.289 -03:00 [INF] Unsupported Postal Code for record number : 2
2019-03-25 22:55:30.628 -03:00 [INF] Unsupported Email Format for record number : 3
2019-03-25 22:55:31.272 -03:00 [INF] Unsupported Postal Code for record number : 4
